# JRE version: OpenJDK Runtime Environment Temurin-17.0.13+11 (17.0.13+11) (build 17.0.13+11)
# Java VM: OpenJDK 64-Bit Server VM Temurin-17.0.13+11 (17.0.13+11, mixed mode, tiered, compressed oops, compressed class ptrs, parallel gc, windows-amd64)
GC Precious Log:
 CPUs: 4 total, 4 available
 Memory: 12069M
 Large Page Support: Disabled
 NUMA Support: Disabled
 Compressed Oops: Enabled (32-bit)
 Alignments: Space 512K, Generation 512K, Heap 2M
 Heap Min Capacity: 100M
 Heap Initial Capacity: 100M
 Heap Max Capacity: 1G
 Pre-touch: Disabled
 Parallel Workers: 4
Heap:
 PSYoungGen      total 2560K, used 1893K [0x00000000eab00000, 0x00000000eae80000, 0x0000000100000000)
  eden space 1024K, 98% used [0x00000000eab00000,0x00000000eabfd418,0x00000000eac00000)
  from space 1536K, 57% used [0x00000000eac00000,0x00000000eacdc2f0,0x00000000ead80000)
  to   space 1024K, 87% used [0x00000000ead80000,0x00000000eae60300,0x00000000eae80000)
 ParOldGen       total 106496K, used 97335K [0x00000000c0000000, 0x00000000c6800000, 0x00000000eab00000)
  object space 106496K, 91% used [0x00000000c0000000,0x00000000c5f0ded8,0x00000000c6800000)
 Metaspace       used 81072K, committed 82624K, reserved 1179648K
  class space    used 8614K, committed 9280K, reserved 1048576K
GC Heap History (20 events):
Event: 5151.898 GC heap after
{Heap after GC invocations=912 (full 24):
 PSYoungGen      total 3584K, used 754K [0x00000000eab00000, 0x00000000eb000000, 0x0000000100000000)
  eden space 2560K, 0% used [0x00000000eab00000,0x00000000eab00000,0x00000000ead80000)
  from space 1024K, 73% used [0x00000000eaf00000,0x00000000eafbc9d8,0x00000000eb000000)
  to   space 1024K, 0% used [0x00000000eae00000,0x00000000eae00000,0x00000000eaf00000)
 ParOldGen       total 106496K, used 91390K [0x00000000c0000000, 0x00000000c6800000, 0x00000000eab00000)
  object space 106496K, 85% used [0x00000000c0000000,0x00000000c593fae0,0x00000000c6800000)
 Metaspace       used 81031K, committed 82624K, reserved 1179648K
  class space    used 8612K, committed 9280K, reserved 1048576K
}
Event: 6261.534 GC heap before
{Heap before GC invocations=913 (full 24):
 PSYoungGen      total 3584K, used 3314K [0x00000000eab00000, 0x00000000eb000000, 0x0000000100000000)
  eden space 2560K, 100% used [0x00000000eab00000,0x00000000ead80000,0x00000000ead80000)
  from space 1024K, 73% used [0x00000000eaf00000,0x00000000eafbc9d8,0x00000000eb000000)
  to   space 1024K, 0% used [0x00000000eae00000,0x00000000eae00000,0x00000000eaf00000)
 ParOldGen       total 106496K, used 91390K [0x00000000c0000000, 0x00000000c6800000, 0x00000000eab00000)
  object space 106496K, 85% used [0x00000000c0000000,0x00000000c593fae0,0x00000000c6800000)
 Metaspace       used 81055K, committed 82624K, reserved 1179648K
  class space    used 8614K, committed 9280K, reserved 1048576K
}
Event: 6261.537 GC heap after
{Heap after GC invocations=913 (full 24):
 PSYoungGen      total 3072K, used 372K [0x00000000eab00000, 0x00000000eaf80000, 0x0000000100000000)
  eden space 2560K, 0% used [0x00000000eab00000,0x00000000eab00000,0x00000000ead80000)
  from space 512K, 72% used [0x00000000eae00000,0x00000000eae5d010,0x00000000eae80000)
  to   space 1024K, 0% used [0x00000000eae80000,0x00000000eae80000,0x00000000eaf80000)
 ParOldGen       total 106496K, used 92003K [0x00000000c0000000, 0x00000000c6800000, 0x00000000eab00000)
  object space 106496K, 86% used [0x00000000c0000000,0x00000000c59d8f98,0x00000000c6800000)
 Metaspace       used 81055K, committed 82624K, reserved 1179648K
  class space    used 8614K, committed 9280K, reserved 1048576K
}
Event: 6268.629 GC heap before
{Heap before GC invocations=914 (full 24):
 PSYoungGen      total 3072K, used 2932K [0x00000000eab00000, 0x00000000eaf80000, 0x0000000100000000)
  eden space 2560K, 100% used [0x00000000eab00000,0x00000000ead80000,0x00000000ead80000)
  from space 512K, 72% used [0x00000000eae00000,0x00000000eae5d010,0x00000000eae80000)
  to   space 1024K, 0% used [0x00000000eae80000,0x00000000eae80000,0x00000000eaf80000)
 ParOldGen       total 106496K, used 92003K [0x00000000c0000000, 0x00000000c6800000, 0x00000000eab00000)
  object space 106496K, 86% used [0x00000000c0000000,0x00000000c59d8f98,0x00000000c6800000)
 Metaspace       used 81056K, committed 82624K, reserved 1179648K
  class space    used 8614K, committed 9280K, reserved 1048576K
}
Event: 6268.631 GC heap after
{Heap after GC invocations=914 (full 24):
 PSYoungGen      total 3072K, used 288K [0x00000000eab00000, 0x00000000eaf00000, 0x0000000100000000)
  eden space 2560K, 0% used [0x00000000eab00000,0x00000000eab00000,0x00000000ead80000)
  from space 512K, 56% used [0x00000000eae80000,0x00000000eaec8000,0x00000000eaf00000)
  to   space 512K, 0% used [0x00000000eae00000,0x00000000eae00000,0x00000000eae80000)
 ParOldGen       total 106496K, used 92329K [0x00000000c0000000, 0x00000000c6800000, 0x00000000eab00000)
  object space 106496K, 86% used [0x00000000c0000000,0x00000000c5a2a7b8,0x00000000c6800000)
 Metaspace       used 81056K, committed 82624K, reserved 1179648K
  class space    used 8614K, committed 9280K, reserved 1048576K
}
Event: 6268.655 GC heap before
{Heap before GC invocations=915 (full 24):
 PSYoungGen      total 3072K, used 2848K [0x00000000eab00000, 0x00000000eaf00000, 0x0000000100000000)
  eden space 2560K, 100% used [0x00000000eab00000,0x00000000ead80000,0x00000000ead80000)
  from space 512K, 56% used [0x00000000eae80000,0x00000000eaec8000,0x00000000eaf00000)
  to   space 512K, 0% used [0x00000000eae00000,0x00000000eae00000,0x00000000eae80000)
 ParOldGen       total 106496K, used 92329K [0x00000000c0000000, 0x00000000c6800000, 0x00000000eab00000)
  object space 106496K, 86% used [0x00000000c0000000,0x00000000c5a2a7b8,0x00000000c6800000)
 Metaspace       used 81056K, committed 82624K, reserved 1179648K
  class space    used 8614K, committed 9280K, reserved 1048576K
}
Event: 6268.656 GC heap after
{Heap after GC invocations=915 (full 24):
 PSYoungGen      total 3072K, used 491K [0x00000000eab00000, 0x00000000eb080000, 0x0000000100000000)
  eden space 2560K, 0% used [0x00000000eab00000,0x00000000eab00000,0x00000000ead80000)
  from space 512K, 95% used [0x00000000eae00000,0x00000000eae7ac00,0x00000000eae80000)
  to   space 1536K, 0% used [0x00000000eaf00000,0x00000000eaf00000,0x00000000eb080000)
 ParOldGen       total 106496K, used 92865K [0x00000000c0000000, 0x00000000c6800000, 0x00000000eab00000)
  object space 106496K, 87% used [0x00000000c0000000,0x00000000c5ab07b8,0x00000000c6800000)
 Metaspace       used 81056K, committed 82624K, reserved 1179648K
  class space    used 8614K, committed 9280K, reserved 1048576K
}
Event: 6270.224 GC heap before
{Heap before GC invocations=916 (full 24):
 PSYoungGen      total 3072K, used 3051K [0x00000000eab00000, 0x00000000eb080000, 0x0000000100000000)
  eden space 2560K, 100% used [0x00000000eab00000,0x00000000ead80000,0x00000000ead80000)
  from space 512K, 95% used [0x00000000eae00000,0x00000000eae7ac00,0x00000000eae80000)
  to   space 1536K, 0% used [0x00000000eaf00000,0x00000000eaf00000,0x00000000eb080000)
 ParOldGen       total 106496K, used 92865K [0x00000000c0000000, 0x00000000c6800000, 0x00000000eab00000)
  object space 106496K, 87% used [0x00000000c0000000,0x00000000c5ab07b8,0x00000000c6800000)
 Metaspace       used 81057K, committed 82624K, reserved 1179648K
  class space    used 8614K, committed 9280K, reserved 1048576K
}
Event: 6270.226 GC heap after
{Heap after GC invocations=916 (full 24):
 PSYoungGen      total 3584K, used 864K [0x00000000eab00000, 0x00000000eb000000, 0x0000000100000000)
  eden space 2560K, 0% used [0x00000000eab00000,0x00000000eab00000,0x00000000ead80000)
  from space 1024K, 84% used [0x00000000eaf00000,0x00000000eafd8020,0x00000000eb000000)
  to   space 1024K, 0% used [0x00000000eae00000,0x00000000eae00000,0x00000000eaf00000)
 ParOldGen       total 106496K, used 93372K [0x00000000c0000000, 0x00000000c6800000, 0x00000000eab00000)
  object space 106496K, 87% used [0x00000000c0000000,0x00000000c5b2f3b8,0x00000000c6800000)
 Metaspace       used 81057K, committed 82624K, reserved 1179648K
  class space    used 8614K, committed 9280K, reserved 1048576K
}
Event: 6270.302 GC heap before
{Heap before GC invocations=917 (full 24):
 PSYoungGen      total 3584K, used 3424K [0x00000000eab00000, 0x00000000eb000000, 0x0000000100000000)
  eden space 2560K, 100% used [0x00000000eab00000,0x00000000ead80000,0x00000000ead80000)
  from space 1024K, 84% used [0x00000000eaf00000,0x00000000eafd8020,0x00000000eb000000)
  to   space 1024K, 0% used [0x00000000eae00000,0x00000000eae00000,0x00000000eaf00000)
 ParOldGen       total 106496K, used 93372K [0x00000000c0000000, 0x00000000c6800000, 0x00000000eab00000)
  object space 106496K, 87% used [0x00000000c0000000,0x00000000c5b2f3b8,0x00000000c6800000)
 Metaspace       used 81070K, committed 82624K, reserved 1179648K
  class space    used 8614K, committed 9280K, reserved 1048576K
}
Event: 6270.304 GC heap after
{Heap after GC invocations=917 (full 24):
 PSYoungGen      total 3072K, used 384K [0x00000000eab00000, 0x00000000eaf80000, 0x0000000100000000)
  eden space 2560K, 0% used [0x00000000eab00000,0x00000000eab00000,0x00000000ead80000)
  from space 512K, 75% used [0x00000000eae00000,0x00000000eae60020,0x00000000eae80000)
  to   space 1024K, 0% used [0x00000000eae80000,0x00000000eae80000,0x00000000eaf80000)
 ParOldGen       total 106496K, used 93380K [0x00000000c0000000, 0x00000000c6800000, 0x00000000eab00000)
  object space 106496K, 87% used [0x00000000c0000000,0x00000000c5b313b8,0x00000000c6800000)
 Metaspace       used 81070K, committed 82624K, reserved 1179648K
  class space    used 8614K, committed 9280K, reserved 1048576K
}
Event: 6271.578 GC heap before
{Heap before GC invocations=918 (full 24):
 PSYoungGen      total 3072K, used 2944K [0x00000000eab00000, 0x00000000eaf80000, 0x0000000100000000)
  eden space 2560K, 100% used [0x00000000eab00000,0x00000000ead80000,0x00000000ead80000)
  from space 512K, 75% used [0x00000000eae00000,0x00000000eae60020,0x00000000eae80000)
  to   space 1024K, 0% used [0x00000000eae80000,0x00000000eae80000,0x00000000eaf80000)
 ParOldGen       total 106496K, used 93380K [0x00000000c0000000, 0x00000000c6800000, 0x00000000eab00000)
  object space 106496K, 87% used [0x00000000c0000000,0x00000000c5b313b8,0x00000000c6800000)
 Metaspace       used 81072K, committed 82624K, reserved 1179648K
  class space    used 8614K, committed 9280K, reserved 1048576K
}
Event: 6271.580 GC heap after
{Heap after GC invocations=918 (full 24):
 PSYoungGen      total 2048K, used 1017K [0x00000000eab00000, 0x00000000eb280000, 0x0000000100000000)
  eden space 1024K, 0% used [0x00000000eab00000,0x00000000eab00000,0x00000000eac00000)
  from space 1024K, 99% used [0x00000000eae80000,0x00000000eaf7e5b8,0x00000000eaf80000)
  to   space 2560K, 0% used [0x00000000eac00000,0x00000000eac00000,0x00000000eae80000)
 ParOldGen       total 106496K, used 94542K [0x00000000c0000000, 0x00000000c6800000, 0x00000000eab00000)
  object space 106496K, 88% used [0x00000000c0000000,0x00000000c5c53be8,0x00000000c6800000)
 Metaspace       used 81072K, committed 82624K, reserved 1179648K
  class space    used 8614K, committed 9280K, reserved 1048576K
}
Event: 6271.584 GC heap before
{Heap before GC invocations=919 (full 24):
 PSYoungGen      total 2048K, used 1984K [0x00000000eab00000, 0x00000000eb280000, 0x0000000100000000)
  eden space 1024K, 94% used [0x00000000eab00000,0x00000000eabf1d18,0x00000000eac00000)
  from space 1024K, 99% used [0x00000000eae80000,0x00000000eaf7e5b8,0x00000000eaf80000)
  to   space 2560K, 0% used [0x00000000eac00000,0x00000000eac00000,0x00000000eae80000)
 ParOldGen       total 106496K, used 94542K [0x00000000c0000000, 0x00000000c6800000, 0x00000000eab00000)
  object space 106496K, 88% used [0x00000000c0000000,0x00000000c5c53be8,0x00000000c6800000)
 Metaspace       used 81072K, committed 82624K, reserved 1179648K
  class space    used 8614K, committed 9280K, reserved 1048576K
}
Event: 6271.586 GC heap after
{Heap after GC invocations=919 (full 24):
 PSYoungGen      total 3072K, used 1686K [0x00000000eab00000, 0x00000000eb000000, 0x0000000100000000)
  eden space 1024K, 0% used [0x00000000eab00000,0x00000000eab00000,0x00000000eac00000)
  from space 2048K, 82% used [0x00000000eac00000,0x00000000eada5950,0x00000000eae00000)
  to   space 2048K, 0% used [0x00000000eae00000,0x00000000eae00000,0x00000000eb000000)
 ParOldGen       total 106496K, used 94702K [0x00000000c0000000, 0x00000000c6800000, 0x00000000eab00000)
  object space 106496K, 88% used [0x00000000c0000000,0x00000000c5c7bbe8,0x00000000c6800000)
 Metaspace       used 81072K, committed 82624K, reserved 1179648K
  class space    used 8614K, committed 9280K, reserved 1048576K
}
Event: 6271.596 GC heap before
{Heap before GC invocations=920 (full 24):
 PSYoungGen      total 3072K, used 2710K [0x00000000eab00000, 0x00000000eb000000, 0x0000000100000000)
  eden space 1024K, 100% used [0x00000000eab00000,0x00000000eac00000,0x00000000eac00000)
  from space 2048K, 82% used [0x00000000eac00000,0x00000000eada5950,0x00000000eae00000)
  to   space 2048K, 0% used [0x00000000eae00000,0x00000000eae00000,0x00000000eb000000)
 ParOldGen       total 106496K, used 94702K [0x00000000c0000000, 0x00000000c6800000, 0x00000000eab00000)
  object space 106496K, 88% used [0x00000000c0000000,0x00000000c5c7bbe8,0x00000000c6800000)
 Metaspace       used 81072K, committed 82624K, reserved 1179648K
  class space    used 8614K, committed 9280K, reserved 1048576K
}
Event: 6271.598 GC heap after
{Heap after GC invocations=920 (full 24):
 PSYoungGen      total 2048K, used 939K [0x00000000eab00000, 0x00000000eaf00000, 0x0000000100000000)
  eden space 1024K, 0% used [0x00000000eab00000,0x00000000eab00000,0x00000000eac00000)
  from space 1024K, 91% used [0x00000000eae00000,0x00000000eaeeac20,0x00000000eaf00000)
  to   space 1536K, 0% used [0x00000000eac00000,0x00000000eac00000,0x00000000ead80000)
 ParOldGen       total 106496K, used 95878K [0x00000000c0000000, 0x00000000c6800000, 0x00000000eab00000)
  object space 106496K, 90% used [0x00000000c0000000,0x00000000c5da1be8,0x00000000c6800000)
 Metaspace       used 81072K, committed 82624K, reserved 1179648K
  class space    used 8614K, committed 9280K, reserved 1048576K
}
Event: 6271.608 GC heap before
{Heap before GC invocations=921 (full 24):
 PSYoungGen      total 2048K, used 1963K [0x00000000eab00000, 0x00000000eaf00000, 0x0000000100000000)
  eden space 1024K, 100% used [0x00000000eab00000,0x00000000eac00000,0x00000000eac00000)
  from space 1024K, 91% used [0x00000000eae00000,0x00000000eaeeac20,0x00000000eaf00000)
  to   space 1536K, 0% used [0x00000000eac00000,0x00000000eac00000,0x00000000ead80000)
 ParOldGen       total 106496K, used 95878K [0x00000000c0000000, 0x00000000c6800000, 0x00000000eab00000)
  object space 106496K, 90% used [0x00000000c0000000,0x00000000c5da1be8,0x00000000c6800000)
 Metaspace       used 81072K, committed 82624K, reserved 1179648K
  class space    used 8614K, committed 9280K, reserved 1048576K
}
Event: 6271.610 GC heap after
{Heap after GC invocations=921 (full 24):
 PSYoungGen      total 2560K, used 880K [0x00000000eab00000, 0x00000000eae80000, 0x0000000100000000)
  eden space 1024K, 0% used [0x00000000eab00000,0x00000000eab00000,0x00000000eac00000)
  from space 1536K, 57% used [0x00000000eac00000,0x00000000eacdc2f0,0x00000000ead80000)
  to   space 1024K, 0% used [0x00000000ead80000,0x00000000ead80000,0x00000000eae80000)
 ParOldGen       total 106496K, used 96492K [0x00000000c0000000, 0x00000000c6800000, 0x00000000eab00000)
  object space 106496K, 90% used [0x00000000c0000000,0x00000000c5e3b3e8,0x00000000c6800000)
 Metaspace       used 81072K, committed 82624K, reserved 1179648K
  class space    used 8614K, committed 9280K, reserved 1048576K
}
Event: 6271.613 GC heap before
{Heap before GC invocations=922 (full 24):
 PSYoungGen      total 2560K, used 1893K [0x00000000eab00000, 0x00000000eae80000, 0x0000000100000000)
  eden space 1024K, 98% used [0x00000000eab00000,0x00000000eabfd418,0x00000000eac00000)
  from space 1536K, 57% used [0x00000000eac00000,0x00000000eacdc2f0,0x00000000ead80000)
  to   space 1024K, 0% used [0x00000000ead80000,0x00000000ead80000,0x00000000eae80000)
 ParOldGen       total 106496K, used 96492K [0x00000000c0000000, 0x00000000c6800000, 0x00000000eab00000)
  object space 106496K, 90% used [0x00000000c0000000,0x00000000c5e3b3e8,0x00000000c6800000)
 Metaspace       used 81072K, committed 82624K, reserved 1179648K
  class space    used 8614K, committed 9280K, reserved 1048576K
}

